<?xml version="1.0" encoding="UTF-8"?>
<!-- Generated by org.testng.reporters.JUnitReportReporter -->
<testsuite skipped="0" hostname="Focus-QA-29" name="com.teyseer.com.teyseer.tests.TestResults" tests="1" failures="0" timestamp="29 Oct 2018 11:50:11 GMT" time="2845.281" errors="0">
  <testcase name="testResults" time="2845.281" classname="com.teyseer.com.teyseer.tests.TestResults"/>
</testsuite> <!-- com.teyseer.com.teyseer.tests.TestResults -->
